<?xml version="1.0" encoding="UTF-8"?>
<coverage generated="1765131042890" clover="3.2.0">
  <project timestamp="1765131042891" name="All files">
    <metrics statements="19" coveredstatements="16" conditionals="0" coveredconditionals="0" methods="5" coveredmethods="0" elements="24" coveredelements="16" complexity="0" loc="19" ncloc="19" packages="1" files="1" classes="1"/>
    <file name="test-utils.tsx" path="/Users/prince/Developer/doxxy/src/__tests__/test-utils.tsx">
      <metrics statements="19" coveredstatements="16" conditionals="0" coveredconditionals="0" methods="5" coveredmethods="0"/>
      <line num="1" count="1" type="stmt"/>
      <line num="2" count="1" type="stmt"/>
      <line num="3" count="1" type="stmt"/>
      <line num="6" count="1" type="stmt"/>
      <line num="14" count="1" type="stmt"/>
      <line num="15" count="0" type="stmt"/>
      <line num="17" count="0" type="stmt"/>
      <line num="24" count="1" type="stmt"/>
      <line num="27" count="0" type="stmt"/>
      <line num="30" count="1" type="stmt"/>
      <line num="43" count="1" type="stmt"/>
      <line num="57" count="1" type="stmt"/>
      <line num="80" count="1" type="stmt"/>
      <line num="103" count="1" type="stmt"/>
      <line num="111" count="1" type="stmt"/>
      <line num="125" count="1" type="stmt"/>
      <line num="130" count="1" type="stmt"/>
      <line num="136" count="1" type="stmt"/>
      <line num="137" count="1" type="stmt"/>
    </file>
  </project>
</coverage>
