{"/Users/prince/Developer/doxxy/src/__tests__/test-utils.tsx": {"path":"/Users/prince/Developer/doxxy/src/__tests__/test-utils.tsx","statementMap":{"0":{"start":{"line":1,"column":0},"end":{"line":1,"column":44}},"1":{"start":{"line":2,"column":0},"end":{"line":2,"column":63}},"2":{"start":{"line":3,"column":0},"end":{"line":3,"column":73}},"3":{"start":{"line":6,"column":30},"end":{"line":6,"column":40}},"4":{"start":{"line":6,"column":36},"end":{"line":12,"column":3}},"5":{"start":{"line":14,"column":24},"end":{"line":22,"column":1}},"6":{"start":{"line":14,"column":35},"end":{"line":14,"column":68}},"7":{"start":{"line":15,"column":22},"end":{"line":15,"column":45}},"8":{"start":{"line":17,"column":2},"end":{"line":21,"column":4}},"9":{"start":{"line":24,"column":21},"end":{"line":27,"column":11}},"10":{"start":{"line":27,"column":5},"end":{"line":27,"column":58}},"11":{"start":{"line":137,"column":25},"end":{"line":137,"column":31}},"12":{"start":{"line":30,"column":13},"end":{"line":41,"column":2}},"13":{"start":{"line":43,"column":13},"end":{"line":55,"column":2}},"14":{"start":{"line":57,"column":13},"end":{"line":78,"column":2}},"15":{"start":{"line":80,"column":13},"end":{"line":101,"column":2}},"16":{"start":{"line":103,"column":13},"end":{"line":109,"column":2}},"17":{"start":{"line":111,"column":13},"end":{"line":122,"column":2}},"18":{"start":{"line":125,"column":35},"end":{"line":125,"column":51}},"19":{"start":{"line":125,"column":50},"end":{"line":128,"column":3}},"20":{"start":{"line":125,"column":13},"end":{"line":125,"column":35}},"21":{"start":{"line":130,"column":33},"end":{"line":130,"column":55}},"22":{"start":{"line":130,"column":54},"end":{"line":133,"column":3}},"23":{"start":{"line":130,"column":13},"end":{"line":130,"column":33}},"24":{"start":{"line":136,"column":0},"end":{"line":136,"column":39}}},"fnMap":{"0":{"name":"(anonymous_7)","decl":{"start":{"line":6,"column":30},"end":{"line":6,"column":36}},"loc":{"start":{"line":6,"column":30},"end":{"line":6,"column":40}}},"1":{"name":"(anonymous_8)","decl":{"start":{"line":14,"column":24},"end":{"line":14,"column":25}},"loc":{"start":{"line":14,"column":68},"end":{"line":22,"column":1}}},"2":{"name":"(anonymous_9)","decl":{"start":{"line":24,"column":21},"end":{"line":24,"column":null}},"loc":{"start":{"line":26,"column":42},"end":{"line":27,"column":11}}},"3":{"name":"(anonymous_10)","decl":{"start":{"line":125,"column":35},"end":{"line":125,"column":36}},"loc":{"start":{"line":125,"column":45},"end":{"line":125,"column":51}}},"4":{"name":"(anonymous_11)","decl":{"start":{"line":130,"column":33},"end":{"line":130,"column":34}},"loc":{"start":{"line":130,"column":49},"end":{"line":130,"column":55}}}},"branchMap":{},"s":{"0":1,"1":1,"2":1,"3":1,"4":0,"5":1,"6":0,"7":0,"8":0,"9":1,"10":0,"11":1,"12":1,"13":1,"14":1,"15":1,"16":1,"17":1,"18":1,"19":0,"20":1,"21":1,"22":0,"23":1,"24":1},"f":{"0":0,"1":0,"2":0,"3":0,"4":0},"b":{}}
}
